*** Using Compiler 'V5.06 update 7 (build 960)', folder: 'C:\Keil_v5\ARM\ARMCC\Bin'
Build target 'GD32F10X_CL'
compiling gd32f10x_fmc.c...
compiling gd32f10x_crc.c...
compiling gd32f10x_exmc.c...
compiling gd32f10x_bkp.c...
compiling gd32f10x_it.c...
compiling gd32f10x_i2c.c...
compiling gd32f10x_pmu.c...
compiling gd32f10x_fwdgt.c...
compiling main.c...
compiling systick.c...
compiling gd32f10x_dac.c...
compiling system_gd32f10x.c...
compiling gd32f10x_rtc.c...
compiling gd32f10x_spi.c...
compiling gd32f10x_wwdgt.c...
compiling gd32f10x_usart.c...
compiling gd32f10x_rcu.c...
compiling gd32f10x_dbg.c...
compiling gd32f10x_gpio.c...
compiling gd32f10x_exti.c...
compiling gd32f10x_adc.c...
compiling gd32f10x_misc.c...
compiling gd32f10x_can.c...
compiling gd32f10x_enet.c...
assembling startup_gd32f10x_cl.s...
compiling gd32f10x_dma.c...
compiling gd32f10x_eval.c...
compiling gd32f10x_timer.c...
compiling gd32f10x_sdio.c...
linking...
Program Size: Code=1204 RO-data=368 RW-data=140 ZI-data=1028  
FromELF: creating hex file...
".\output\Project.axf" - 0 Error(s), 0 Warning(s).
Build Time Elapsed:  00:00:03
